<?xml version="1.0" encoding="UTF-8"?>
<!-- Generated by org.testng.reporters.JUnitReportReporter -->
<testsuite hostname="Karishma-Barot-TH" failures="0" tests="15" name="testCases.NonBLECommanTCs" time="341.780" errors="0" timestamp="2024-04-10T10:58:50 IST" skipped="0">
  <testcase classname="testCases.NonBLECommanTCs" name="testSkipOnboarding" time="1.606"/>
  <testcase classname="testCases.NonBLECommanTCs" name="testOpenDeviceManager" time="4.574"/>
  <testcase classname="testCases.NonBLECommanTCs" name="testPairDevice" time="14.999"/>
  <testcase classname="testCases.NonBLECommanTCs" name="testSelectRoutine" time="5.248"/>
  <testcase classname="testCases.NonBLECommanTCs" name="testStretchingStep" time="59.130"/>
  <testcase classname="testCases.NonBLECommanTCs" name="testBreakToggle" time="62.967"/>
  <testcase classname="testCases.NonBLECommanTCs" name="testNotConnectedMode" time="7.264"/>
  <testcase classname="testCases.NonBLECommanTCs" name="testPreferencesOnProfile" time="12.333"/>
  <testcase classname="testCases.NonBLECommanTCs" name="testTipForNonBLE" time="5.514"/>
  <testcase classname="testCases.NonBLECommanTCs" name="testRoutineCompletionForNonBLE" time="59.949"/>
  <testcase classname="testCases.NonBLECommanTCs" name="testSaveRoutineFromCompletionScreen" time="9.431"/>
  <testcase classname="testCases.NonBLECommanTCs" name="testUnSaveRoutineFromRoutineCompletionScreen" time="75.020"/>
  <testcase classname="testCases.NonBLECommanTCs" name="testSaveRoutineFromOverviewScreen" time="7.336"/>
  <testcase classname="testCases.NonBLECommanTCs" name="testUnSaveRoutineFromSavedTab" time="6.215"/>
  <testcase classname="testCases.NonBLECommanTCs" name="testForgetDevice" time="10.194"/>
</testsuite> <!-- testCases.NonBLECommanTCs -->
