<?xml version="1.0" encoding="UTF-8"?>
<!-- Generated by org.testng.reporters.JUnitReportReporter -->
<testsuite hostname="Karishma-Barot-TH" failures="0" tests="2" name="testCases.LoginTCs" time="27.607" errors="0" timestamp="2024-04-10T10:58:50 IST" skipped="0">
  <testcase classname="testCases.LoginTCs" name="testIntroScreen" time="6.098"/>
  <testcase classname="testCases.LoginTCs" name="testLogin" time="21.509"/>
</testsuite> <!-- testCases.LoginTCs -->
