<?xml version="1.0" encoding="UTF-8"?>
<!-- Generated by org.testng.reporters.JUnitReportReporter -->
<testsuite hostname="Karishma-Barot-TH" failures="0" tests="4" name="testCases.TheragunMiniTCs" time="120.877" errors="0" timestamp="2024-03-28T16:52:27 IST" skipped="0">
  <testcase classname="testCases.TheragunMiniTCs" name="testSelectDevice" time="27.449"/>
  <testcase classname="testCases.TheragunMiniTCs" name="testVerifyPairedDevice" time="20.695"/>
  <testcase classname="testCases.TheragunMiniTCs" name="testSaveRoutine" time="27.853"/>
  <testcase classname="testCases.TheragunMiniTCs" name="testForgetDevice" time="44.880"/>
</testsuite> <!-- testCases.TheragunMiniTCs -->
