<?xml version="1.0" encoding="UTF-8"?>
<!-- Generated by org.testng.reporters.JUnitReportReporter -->
<testsuite hostname="Karishma-Barot-TH" failures="0" tests="24" name="testCases.WaveSeriesOtherRollerTCs" time="624.874" errors="0" timestamp="2024-04-03T14:08:23 IST" skipped="0">
  <testcase classname="testCases.WaveSeriesOtherRollerTCs" name="testSelectRoutine" time="3.271"/>
  <testcase classname="testCases.WaveSeriesOtherRollerTCs" name="testSelectRoutine" time="0.628"/>
  <testcase classname="testCases.WaveSeriesOtherRollerTCs" name="testStretchingStep" time="59.259"/>
  <testcase classname="testCases.WaveSeriesOtherRollerTCs" name="testStretchingStep" time="58.156"/>
  <testcase classname="testCases.WaveSeriesOtherRollerTCs" name="testBreakToggle" time="62.537"/>
  <testcase classname="testCases.WaveSeriesOtherRollerTCs" name="testBreakToggle" time="55.774"/>
  <testcase classname="testCases.WaveSeriesOtherRollerTCs" name="testNotConnectedMode" time="6.194"/>
  <testcase classname="testCases.WaveSeriesOtherRollerTCs" name="testNotConnectedMode" time="6.359"/>
  <testcase classname="testCases.WaveSeriesOtherRollerTCs" name="testPreferencesOnProfile" time="12.059"/>
  <testcase classname="testCases.WaveSeriesOtherRollerTCs" name="testPreferencesOnProfile" time="12.116"/>
  <testcase classname="testCases.WaveSeriesOtherRollerTCs" name="testTipForNonBLE" time="4.958"/>
  <testcase classname="testCases.WaveSeriesOtherRollerTCs" name="testTipForNonBLE" time="5.639"/>
  <testcase classname="testCases.WaveSeriesOtherRollerTCs" name="testRoutineCompletionForNonBLE" time="59.304"/>
  <testcase classname="testCases.WaveSeriesOtherRollerTCs" name="testRoutineCompletionForNonBLE" time="59.426"/>
  <testcase classname="testCases.WaveSeriesOtherRollerTCs" name="testSaveRoutineFromCompletionScreen" time="7.234"/>
  <testcase classname="testCases.WaveSeriesOtherRollerTCs" name="testSaveRoutineFromCompletionScreen" time="9.347"/>
  <testcase classname="testCases.WaveSeriesOtherRollerTCs" name="testUnSaveRoutineFromRoutineCompletionScreen" time="76.100"/>
  <testcase classname="testCases.WaveSeriesOtherRollerTCs" name="testUnSaveRoutineFromRoutineCompletionScreen" time="74.750"/>
  <testcase classname="testCases.WaveSeriesOtherRollerTCs" name="testSaveRoutineFromOverviewScreen" time="7.011"/>
  <testcase classname="testCases.WaveSeriesOtherRollerTCs" name="testSaveRoutineFromOverviewScreen" time="7.793"/>
  <testcase classname="testCases.WaveSeriesOtherRollerTCs" name="testUnsaveRoutineFromSavedTab" time="5.425"/>
  <testcase classname="testCases.WaveSeriesOtherRollerTCs" name="testUnsaveRoutineFromSavedTab" time="5.691"/>
  <testcase classname="testCases.WaveSeriesOtherRollerTCs" name="testForgetDevice" time="11.386"/>
  <testcase classname="testCases.WaveSeriesOtherRollerTCs" name="testForgetDevice" time="14.457"/>
</testsuite> <!-- testCases.WaveSeriesOtherRollerTCs -->
